
  .   ____          _            __ _ _
 /\\ / ___'_ __ _ _(_)_ __  __ _ \ \ \ \
( ( )\___ | '_ | '_| | '_ \/ _` | \ \ \ \
 \\/  ___)| |_)| | | | | || (_| |  ) ) ) )
  '  |____| .__|_| |_|_| |_\__, | / / / /
 =========|_|==============|___/=/_/_/_/

 :: Spring Boot ::                (v4.0.5)

2026-04-08T07:20:37.782+08:00  INFO 34080 --- [aurora-springboot] [           main] com.aurora.AuroraSpringbootApplication   : Starting AuroraSpringbootApplication using Java 25.0.1 with PID 34080 (C:\Users\aqi\Desktop\aurora-master\aurora-springboot\target\aurora-springboot-0.0.1.jar started by aqi in c:\Users\aqi\Desktop\aurora-master\aurora-springboot)
2026-04-08T07:20:37.788+08:00  INFO 34080 --- [aurora-springboot] [           main] com.aurora.AuroraSpringbootApplication   : The following 1 profile is active: "prod"
2026-04-08T07:20:39.846+08:00  INFO 34080 --- [aurora-springboot] [           main] .s.d.r.c.RepositoryConfigurationDelegate : Multiple Spring Data modules found, entering strict repository configuration mode
2026-04-08T07:20:39.849+08:00  INFO 34080 --- [aurora-springboot] [           main] .s.d.r.c.RepositoryConfigurationDelegate : Bootstrapping Spring Data Redis repositories in DEFAULT mode.
2026-04-08T07:20:39.900+08:00  INFO 34080 --- [aurora-springboot] [           main] .s.d.r.c.RepositoryConfigurationDelegate : Finished Spring Data repository scanning in 25 ms. Found 0 Redis repository interfaces.
2026-04-08T07:20:41.637+08:00  INFO 34080 --- [aurora-springboot] [           main] o.s.boot.tomcat.TomcatWebServer          : Tomcat initialized with port 8080 (http)
2026-04-08T07:20:41.669+08:00  INFO 34080 --- [aurora-springboot] [           main] o.apache.catalina.core.StandardService   : Starting service [Tomcat]
2026-04-08T07:20:41.669+08:00  INFO 34080 --- [aurora-springboot] [           main] o.apache.catalina.core.StandardEngine    : Starting Servlet engine: [Apache Tomcat/11.0.20]
2026-04-08T07:20:41.765+08:00  INFO 34080 --- [aurora-springboot] [           main] b.w.c.s.WebApplicationContextInitializer : Root WebApplicationContext: initialization completed in 3894 ms
 _ _   |_  _ _|_. ___ _ |    _ 
| | |\/|_)(_| | |_\  |_)||_|_\ 
     /               |         
                        3.5.16 
2026-04-08T07:20:46.563+08:00  INFO 34080 --- [aurora-springboot] [           main] hedulerFactoryBean$LocalSchedulerFactory : Using default implementation for ThreadExecutor
2026-04-08T07:20:46.580+08:00  INFO 34080 --- [aurora-springboot] [           main] org.quartz.core.SchedulerSignalerImpl    : Initialized Scheduler Signaller of type: class org.quartz.core.SchedulerSignalerImpl
2026-04-08T07:20:46.581+08:00  INFO 34080 --- [aurora-springboot] [           main] org.quartz.core.QuartzScheduler          : Quartz Scheduler v2.5.2 created.
2026-04-08T07:20:46.583+08:00  INFO 34080 --- [aurora-springboot] [           main] org.quartz.simpl.RAMJobStore             : RAMJobStore initialized.
2026-04-08T07:20:46.583+08:00  INFO 34080 --- [aurora-springboot] [           main] org.quartz.core.QuartzScheduler          : Scheduler meta-data: Quartz Scheduler (v2.5.2) 'quartzScheduler' with instanceId 'NON_CLUSTERED'
  Scheduler class: 'org.quartz.core.QuartzScheduler' - running locally.
  NOT STARTED.
  Currently in standby mode.
  Number of jobs executed: 0
  Using thread pool 'org.quartz.simpl.SimpleThreadPool' - with 10 threads.
  Using job-store 'org.quartz.simpl.RAMJobStore' - which does not support persistence. and is not clustered.

2026-04-08T07:20:46.583+08:00  INFO 34080 --- [aurora-springboot] [           main] hedulerFactoryBean$LocalSchedulerFactory : Quartz scheduler 'quartzScheduler' initialized from an externally provided properties instance.
2026-04-08T07:20:46.583+08:00  INFO 34080 --- [aurora-springboot] [           main] hedulerFactoryBean$LocalSchedulerFactory : Quartz scheduler version: 2.5.2
2026-04-08T07:20:46.583+08:00  INFO 34080 --- [aurora-springboot] [           main] org.quartz.core.QuartzScheduler          : JobFactory set to: org.springframework.scheduling.quartz.SpringBeanJobFactory@1b513ce8
2026-04-08T07:20:46.651+08:00  INFO 34080 --- [aurora-springboot] [           main] com.zaxxer.hikari.HikariDataSource       : MyHikariCP - Starting...
2026-04-08T07:20:56.207+08:00  INFO 34080 --- [aurora-springboot] [           main] com.zaxxer.hikari.pool.HikariPool        : MyHikariCP - Added connection com.mysql.cj.jdbc.ConnectionImpl@46875fae
2026-04-08T07:20:56.211+08:00  INFO 34080 --- [aurora-springboot] [           main] com.zaxxer.hikari.HikariDataSource       : MyHikariCP - Start completed.
2026-04-08T07:20:57.321+08:00  INFO 34080 --- [aurora-springboot] [           main] com.aurora.util.IpUtil                   : ip2region.xdb loaded successfully (11070083 bytes)
2026-04-08T07:20:57.620+08:00  INFO 34080 --- [aurora-springboot] [           main] r$InitializeUserDetailsManagerConfigurer : Global AuthenticationManager configured with UserDetailsService bean with name userDetailServiceImpl
2026-04-08T07:20:59.006+08:00  INFO 34080 --- [aurora-springboot] [           main] o.s.boot.tomcat.TomcatWebServer          : Tomcat started on port 8080 (http) with context path '/'
2026-04-08T07:20:59.007+08:00  INFO 34080 --- [aurora-springboot] [           main] o.s.a.r.c.CachingConnectionFactory       : Attempting to connect to: [134.175.206.158:5672]
2026-04-08T07:20:59.213+08:00  INFO 34080 --- [aurora-springboot] [           main] o.s.a.r.c.CachingConnectionFactory       : Created new connection: rabbitConnectionFactory#639d808a:0/SimpleConnection@195267c8 [delegate=amqp://myroot@134.175.206.158:5672/, localPort=9673]
2026-04-08T07:21:00.191+08:00  INFO 34080 --- [aurora-springboot] [           main] o.s.s.quartz.SchedulerFactoryBean        : Starting Quartz Scheduler now
2026-04-08T07:21:00.192+08:00  INFO 34080 --- [aurora-springboot] [           main] org.quartz.core.QuartzScheduler          : Scheduler quartzScheduler_$_NON_CLUSTERED started.
2026-04-08T07:21:00.200+08:00  INFO 34080 --- [aurora-springboot] [           main] com.aurora.AuroraSpringbootApplication   : Started AuroraSpringbootApplication in 23.1 seconds (process running for 23.997)
2026-04-08T07:21:00.339+08:00  INFO 34080 --- [aurora-springboot] [           main] c.a.c.ElasticsearchIndexInitializer      : article 索引已存在
2026-04-08T07:21:00.339+08:00  INFO 34080 --- [aurora-springboot] [           main] c.a.c.ElasticsearchIndexInitializer      : 开始同步文章数据到 Elasticsearch...
2026-04-08T07:21:30.867+08:00 ERROR 34080 --- [aurora-springboot] [           main] c.a.c.ElasticsearchIndexInitializer      : 同步文章 ID=137 失败：30,000 milliseconds timeout on connection http-outgoing-0 [ACTIVE]
